Fri Apr 24 11:06:29 UTC 2020 - Stream has hung
Fri Apr 24 11:06:29 UTC 2020 - Killed ffmpeg...
Fri Apr 24 11:06:34 UTC 2020 - Started ffmpeg..
Fri Apr 24 11:09:31 UTC 2020 - Stream has hung
Fri Apr 24 11:09:31 UTC 2020 - Killed ffmpeg...
Fri Apr 24 11:09:36 UTC 2020 - Started ffmpeg..
Fri Apr 24 11:09:58 UTC 2020 - Stream has hung
Fri Apr 24 11:09:58 UTC 2020 - Killed ffmpeg...
Fri Apr 24 11:10:03 UTC 2020 - Started ffmpeg..
Fri Apr 24 11:12:30 UTC 2020 - Stream has hung
Fri Apr 24 11:12:30 UTC 2020 - Killed ffmpeg...
Fri Apr 24 11:12:35 UTC 2020 - Started ffmpeg..
Fri Apr 24 11:13:18 UTC 2020 - Stream has hung
Fri Apr 24 11:13:18 UTC 2020 - Killed ffmpeg...
Fri Apr 24 11:13:23 UTC 2020 - Started ffmpeg..
Fri Apr 24 11:13:46 UTC 2020 - Stream has hung
Fri Apr 24 11:13:46 UTC 2020 - Killed ffmpeg...
Fri Apr 24 11:13:51 UTC 2020 - Started ffmpeg..
Fri Apr 24 11:14:13 UTC 2020 - Stream has hung
Fri Apr 24 11:14:13 UTC 2020 - Killed ffmpeg...
Fri Apr 24 11:14:18 UTC 2020 - Started ffmpeg..
Fri Apr 24 11:34:48 UTC 2020 - Stream has hung
Fri Apr 24 11:34:48 UTC 2020 - Killed ffmpeg...
Fri Apr 24 11:34:53 UTC 2020 - Started ffmpeg..
Fri Apr 24 13:26:09 UTC 2020 - Stream has hung
Fri Apr 24 13:26:09 UTC 2020 - Killed ffmpeg...
Fri Apr 24 13:26:14 UTC 2020 - Started ffmpeg..
Fri Apr 24 13:39:22 UTC 2020 - Stream has hung
Fri Apr 24 13:39:22 UTC 2020 - Killed ffmpeg...
Fri Apr 24 13:39:27 UTC 2020 - Started ffmpeg..
Fri Apr 24 13:40:17 UTC 2020 - Stream has hung
Fri Apr 24 13:40:17 UTC 2020 - Killed ffmpeg...
Fri Apr 24 13:40:22 UTC 2020 - Started ffmpeg..
Fri Apr 24 14:40:45 UTC 2020 - Stream has hung
Fri Apr 24 14:40:45 UTC 2020 - Killed ffmpeg...
Fri Apr 24 14:40:50 UTC 2020 - Started ffmpeg..
Fri Apr 24 14:44:30 UTC 2020 - Stream has hung
Fri Apr 24 14:44:30 UTC 2020 - Killed ffmpeg...
Fri Apr 24 14:44:35 UTC 2020 - Started ffmpeg..
Fri Apr 24 14:45:25 UTC 2020 - Stream has hung
Fri Apr 24 14:45:25 UTC 2020 - Killed ffmpeg...
Fri Apr 24 14:45:30 UTC 2020 - Started ffmpeg..
Fri Apr 24 15:29:49 UTC 2020 - Stream has hung
Fri Apr 24 15:29:49 UTC 2020 - Killed ffmpeg...
Fri Apr 24 15:29:54 UTC 2020 - Started ffmpeg..
Fri Apr 24 15:43:24 UTC 2020 - Stream has hung
Fri Apr 24 15:43:24 UTC 2020 - Killed ffmpeg...
Fri Apr 24 15:43:29 UTC 2020 - Started ffmpeg..
Fri Apr 24 15:46:12 UTC 2020 - Stream has hung
Fri Apr 24 15:46:12 UTC 2020 - Killed ffmpeg...
Fri Apr 24 15:46:17 UTC 2020 - Started ffmpeg..
Fri Apr 24 16:27:06 UTC 2020 - Stream has hung
Fri Apr 24 16:27:06 UTC 2020 - Killed ffmpeg...
Fri Apr 24 16:27:11 UTC 2020 - Started ffmpeg..
Fri Apr 24 16:34:07 UTC 2020 - Stream has hung
Fri Apr 24 16:34:07 UTC 2020 - Killed ffmpeg...
Fri Apr 24 16:34:12 UTC 2020 - Started ffmpeg..
Fri Apr 24 17:49:11 UTC 2020 - Stream has hung
Fri Apr 24 17:49:11 UTC 2020 - Killed ffmpeg...
Fri Apr 24 17:49:16 UTC 2020 - Started ffmpeg..
Fri Apr 24 18:00:20 UTC 2020 - Stream has hung
Fri Apr 24 18:00:20 UTC 2020 - Killed ffmpeg...
Fri Apr 24 18:00:25 UTC 2020 - Started ffmpeg..
Fri Apr 24 18:00:47 UTC 2020 - Stream has hung
Fri Apr 24 18:00:47 UTC 2020 - Killed ffmpeg...
Fri Apr 24 18:00:52 UTC 2020 - Started ffmpeg..
Fri Apr 24 18:01:42 UTC 2020 - Stream has hung
Fri Apr 24 18:01:42 UTC 2020 - Killed ffmpeg...
Fri Apr 24 18:01:47 UTC 2020 - Started ffmpeg..
Fri Apr 24 18:02:09 UTC 2020 - Stream has hung
Fri Apr 24 18:02:09 UTC 2020 - Killed ffmpeg...
Fri Apr 24 18:02:14 UTC 2020 - Started ffmpeg..
Fri Apr 24 18:02:36 UTC 2020 - Stream has hung
Fri Apr 24 18:02:36 UTC 2020 - Killed ffmpeg...
Fri Apr 24 18:02:41 UTC 2020 - Started ffmpeg..
Fri Apr 24 18:19:57 UTC 2020 - Stream has hung
Fri Apr 24 18:19:57 UTC 2020 - Killed ffmpeg...
Fri Apr 24 18:20:02 UTC 2020 - Started ffmpeg..
Fri Apr 24 18:31:12 UTC 2020 - Stream has hung
Fri Apr 24 18:31:12 UTC 2020 - Killed ffmpeg...
Fri Apr 24 18:31:17 UTC 2020 - Started ffmpeg..
Fri Apr 24 18:33:18 UTC 2020 - Stream has hung
Fri Apr 24 18:33:18 UTC 2020 - Killed ffmpeg...
Fri Apr 24 18:33:23 UTC 2020 - Started ffmpeg..
Fri Apr 24 18:40:14 UTC 2020 - Stream has hung
Fri Apr 24 18:40:14 UTC 2020 - Killed ffmpeg...
Fri Apr 24 18:40:19 UTC 2020 - Started ffmpeg..
Fri Apr 24 19:03:28 UTC 2020 - Stream has hung
Fri Apr 24 19:03:28 UTC 2020 - Killed ffmpeg...
Fri Apr 24 19:03:33 UTC 2020 - Started ffmpeg..
Fri Apr 24 19:03:55 UTC 2020 - Stream has hung
Fri Apr 24 19:03:55 UTC 2020 - Killed ffmpeg...
Fri Apr 24 19:04:00 UTC 2020 - Started ffmpeg..
Fri Apr 24 19:04:22 UTC 2020 - Stream has hung
Fri Apr 24 19:04:22 UTC 2020 - Killed ffmpeg...
Fri Apr 24 19:04:27 UTC 2020 - Started ffmpeg..
Fri Apr 24 19:04:49 UTC 2020 - Stream has hung
Fri Apr 24 19:04:49 UTC 2020 - Killed ffmpeg...
Fri Apr 24 19:04:54 UTC 2020 - Started ffmpeg..
Fri Apr 24 19:06:40 UTC 2020 - Stream has hung
Fri Apr 24 19:06:40 UTC 2020 - Killed ffmpeg...
Fri Apr 24 19:06:45 UTC 2020 - Started ffmpeg..
Sat Apr 25 17:43:11 UTC 2020 - Stream has hung
Sat Apr 25 17:43:12 UTC 2020 - Killed ffmpeg...
Sat Apr 25 17:43:17 UTC 2020 - Started ffmpeg..
Sat Apr 25 18:05:32 UTC 2020 - Stream has hung
Sat Apr 25 18:05:32 UTC 2020 - Killed ffmpeg...
Sat Apr 25 18:05:37 UTC 2020 - Started ffmpeg..
Sat Apr 25 18:30:35 UTC 2020 - Stream has hung
Sat Apr 25 18:30:35 UTC 2020 - Killed ffmpeg...
Sat Apr 25 18:30:40 UTC 2020 - Started ffmpeg..
Sun Apr 26 12:37:57 UTC 2020 - Stream has hung
Sun Apr 26 12:37:57 UTC 2020 - Killed ffmpeg...
Sun Apr 26 12:38:02 UTC 2020 - Started ffmpeg..
Sun Apr 26 13:21:18 UTC 2020 - Stream has hung
Sun Apr 26 13:21:18 UTC 2020 - Killed ffmpeg...
Sun Apr 26 13:21:23 UTC 2020 - Started ffmpeg..
Sun Apr 26 15:06:38 UTC 2020 - Stream has hung
Sun Apr 26 15:06:38 UTC 2020 - Killed ffmpeg...
Sun Apr 26 15:06:43 UTC 2020 - Started ffmpeg..
Sun Apr 26 16:45:50 UTC 2020 - Stream has hung
Sun Apr 26 16:45:50 UTC 2020 - Killed ffmpeg...
Sun Apr 26 16:45:55 UTC 2020 - Started ffmpeg..
Mon Apr 27 06:35:51 UTC 2020 - Stream has hung
Mon Apr 27 06:35:51 UTC 2020 - Killed ffmpeg...
Mon Apr 27 06:35:56 UTC 2020 - Started ffmpeg..
Mon Apr 27 15:01:45 UTC 2020 - Stream has hung
Mon Apr 27 15:01:45 UTC 2020 - Killed ffmpeg...
Mon Apr 27 15:01:50 UTC 2020 - Started ffmpeg..
Tue Apr 28 06:45:45 UTC 2020 - Stream has hung
Tue Apr 28 06:45:45 UTC 2020 - Killed ffmpeg...
Tue Apr 28 06:45:50 UTC 2020 - Started ffmpeg..
